<?xml version="1.0" encoding="UTF-8"?>
<testsuite xmlns:xsi="http://www.w3.org/2001/XMLSchema-instance" xsi:noNamespaceSchemaLocation="https://maven.apache.org/surefire/maven-surefire-plugin/xsd/surefire-test-report-3.0.xsd" version="3.0" name="com.shopping.shopservice.ShopServiceApplicationTests" time="0.129" tests="1" errors="1" skipped="0" failures="0">
  <properties>
    <property name="java.specification.version" value="20"/>
    <property name="sun.jnu.encoding" value="UTF-8"/>
    <property name="java.class.path" value="/Users/sandipkumar/Downloads/parent-microservices/shop-service/target/test-classes:/Users/sandipkumar/Downloads/parent-microservices/shop-service/target/classes:/Users/sandipkumar/.m2/repository/org/springframework/boot/spring-boot-starter-data-mongodb/3.1.4/spring-boot-starter-data-mongodb-3.1.4.jar:/Users/sandipkumar/.m2/repository/org/springframework/boot/spring-boot-starter/3.1.4/spring-boot-starter-3.1.4.jar:/Users/sandipkumar/.m2/repository/org/springframework/boot/spring-boot/3.1.4/spring-boot-3.1.4.jar:/Users/sandipkumar/.m2/repository/org/springframework/boot/spring-boot-autoconfigure/3.1.4/spring-boot-autoconfigure-3.1.4.jar:/Users/sandipkumar/.m2/repository/org/springframework/boot/spring-boot-starter-logging/3.1.4/spring-boot-starter-logging-3.1.4.jar:/Users/sandipkumar/.m2/repository/ch/qos/logback/logback-classic/1.4.11/logback-classic-1.4.11.jar:/Users/sandipkumar/.m2/repository/ch/qos/logback/logback-core/1.4.11/logback-core-1.4.11.jar:/Users/sandipkumar/.m2/repository/org/apache/logging/log4j/log4j-to-slf4j/2.20.0/log4j-to-slf4j-2.20.0.jar:/Users/sandipkumar/.m2/repository/org/apache/logging/log4j/log4j-api/2.20.0/log4j-api-2.20.0.jar:/Users/sandipkumar/.m2/repository/org/slf4j/jul-to-slf4j/2.0.9/jul-to-slf4j-2.0.9.jar:/Users/sandipkumar/.m2/repository/jakarta/annotation/jakarta.annotation-api/2.1.1/jakarta.annotation-api-2.1.1.jar:/Users/sandipkumar/.m2/repository/org/yaml/snakeyaml/1.33/snakeyaml-1.33.jar:/Users/sandipkumar/.m2/repository/org/mongodb/mongodb-driver-sync/4.9.1/mongodb-driver-sync-4.9.1.jar:/Users/sandipkumar/.m2/repository/org/mongodb/bson/4.9.1/bson-4.9.1.jar:/Users/sandipkumar/.m2/repository/org/mongodb/mongodb-driver-core/4.9.1/mongodb-driver-core-4.9.1.jar:/Users/sandipkumar/.m2/repository/org/mongodb/bson-record-codec/4.9.1/bson-record-codec-4.9.1.jar:/Users/sandipkumar/.m2/repository/org/springframework/data/spring-data-mongodb/4.1.4/spring-data-mongodb-4.1.4.jar:/Users/sandipkumar/.m2/repository/org/springframework/spring-tx/6.0.12/spring-tx-6.0.12.jar:/Users/sandipkumar/.m2/repository/org/springframework/spring-context/6.0.12/spring-context-6.0.12.jar:/Users/sandipkumar/.m2/repository/org/springframework/spring-beans/6.0.12/spring-beans-6.0.12.jar:/Users/sandipkumar/.m2/repository/org/springframework/spring-expression/6.0.12/spring-expression-6.0.12.jar:/Users/sandipkumar/.m2/repository/org/springframework/data/spring-data-commons/3.1.4/spring-data-commons-3.1.4.jar:/Users/sandipkumar/.m2/repository/org/slf4j/slf4j-api/2.0.9/slf4j-api-2.0.9.jar:/Users/sandipkumar/.m2/repository/org/springframework/boot/spring-boot-starter-web/3.1.4/spring-boot-starter-web-3.1.4.jar:/Users/sandipkumar/.m2/repository/org/springframework/boot/spring-boot-starter-json/3.1.4/spring-boot-starter-json-3.1.4.jar:/Users/sandipkumar/.m2/repository/com/fasterxml/jackson/core/jackson-databind/2.15.2/jackson-databind-2.15.2.jar:/Users/sandipkumar/.m2/repository/com/fasterxml/jackson/core/jackson-annotations/2.15.2/jackson-annotations-2.15.2.jar:/Users/sandipkumar/.m2/repository/com/fasterxml/jackson/core/jackson-core/2.15.2/jackson-core-2.15.2.jar:/Users/sandipkumar/.m2/repository/com/fasterxml/jackson/datatype/jackson-datatype-jdk8/2.15.2/jackson-datatype-jdk8-2.15.2.jar:/Users/sandipkumar/.m2/repository/com/fasterxml/jackson/datatype/jackson-datatype-jsr310/2.15.2/jackson-datatype-jsr310-2.15.2.jar:/Users/sandipkumar/.m2/repository/com/fasterxml/jackson/module/jackson-module-parameter-names/2.15.2/jackson-module-parameter-names-2.15.2.jar:/Users/sandipkumar/.m2/repository/org/springframework/boot/spring-boot-starter-tomcat/3.1.4/spring-boot-starter-tomcat-3.1.4.jar:/Users/sandipkumar/.m2/repository/org/apache/tomcat/embed/tomcat-embed-core/10.1.13/tomcat-embed-core-10.1.13.jar:/Users/sandipkumar/.m2/repository/org/apache/tomcat/embed/tomcat-embed-el/10.1.13/tomcat-embed-el-10.1.13.jar:/Users/sandipkumar/.m2/repository/org/apache/tomcat/embed/tomcat-embed-websocket/10.1.13/tomcat-embed-websocket-10.1.13.jar:/Users/sandipkumar/.m2/repository/org/springframework/spring-web/6.0.12/spring-web-6.0.12.jar:/Users/sandipkumar/.m2/repository/io/micrometer/micrometer-observation/1.11.4/micrometer-observation-1.11.4.jar:/Users/sandipkumar/.m2/repository/io/micrometer/micrometer-commons/1.11.4/micrometer-commons-1.11.4.jar:/Users/sandipkumar/.m2/repository/org/springframework/spring-webmvc/6.0.12/spring-webmvc-6.0.12.jar:/Users/sandipkumar/.m2/repository/org/springframework/spring-aop/6.0.12/spring-aop-6.0.12.jar:/Users/sandipkumar/.m2/repository/org/projectlombok/lombok/1.18.30/lombok-1.18.30.jar:/Users/sandipkumar/.m2/repository/org/springframework/boot/spring-boot-starter-test/3.1.4/spring-boot-starter-test-3.1.4.jar:/Users/sandipkumar/.m2/repository/org/springframework/boot/spring-boot-test/3.1.4/spring-boot-test-3.1.4.jar:/Users/sandipkumar/.m2/repository/org/springframework/boot/spring-boot-test-autoconfigure/3.1.4/spring-boot-test-autoconfigure-3.1.4.jar:/Users/sandipkumar/.m2/repository/com/jayway/jsonpath/json-path/2.8.0/json-path-2.8.0.jar:/Users/sandipkumar/.m2/repository/jakarta/xml/bind/jakarta.xml.bind-api/4.0.1/jakarta.xml.bind-api-4.0.1.jar:/Users/sandipkumar/.m2/repository/jakarta/activation/jakarta.activation-api/2.1.2/jakarta.activation-api-2.1.2.jar:/Users/sandipkumar/.m2/repository/net/minidev/json-smart/2.4.11/json-smart-2.4.11.jar:/Users/sandipkumar/.m2/repository/net/minidev/accessors-smart/2.4.11/accessors-smart-2.4.11.jar:/Users/sandipkumar/.m2/repository/org/ow2/asm/asm/9.3/asm-9.3.jar:/Users/sandipkumar/.m2/repository/org/assertj/assertj-core/3.24.2/assertj-core-3.24.2.jar:/Users/sandipkumar/.m2/repository/net/bytebuddy/byte-buddy/1.14.8/byte-buddy-1.14.8.jar:/Users/sandipkumar/.m2/repository/org/hamcrest/hamcrest/2.2/hamcrest-2.2.jar:/Users/sandipkumar/.m2/repository/org/junit/jupiter/junit-jupiter/5.9.3/junit-jupiter-5.9.3.jar:/Users/sandipkumar/.m2/repository/org/junit/jupiter/junit-jupiter-api/5.9.3/junit-jupiter-api-5.9.3.jar:/Users/sandipkumar/.m2/repository/org/opentest4j/opentest4j/1.2.0/opentest4j-1.2.0.jar:/Users/sandipkumar/.m2/repository/org/junit/platform/junit-platform-commons/1.9.3/junit-platform-commons-1.9.3.jar:/Users/sandipkumar/.m2/repository/org/apiguardian/apiguardian-api/1.1.2/apiguardian-api-1.1.2.jar:/Users/sandipkumar/.m2/repository/org/junit/jupiter/junit-jupiter-params/5.9.3/junit-jupiter-params-5.9.3.jar:/Users/sandipkumar/.m2/repository/org/junit/jupiter/junit-jupiter-engine/5.9.3/junit-jupiter-engine-5.9.3.jar:/Users/sandipkumar/.m2/repository/org/junit/platform/junit-platform-engine/1.9.3/junit-platform-engine-1.9.3.jar:/Users/sandipkumar/.m2/repository/org/mockito/mockito-core/5.3.1/mockito-core-5.3.1.jar:/Users/sandipkumar/.m2/repository/net/bytebuddy/byte-buddy-agent/1.14.8/byte-buddy-agent-1.14.8.jar:/Users/sandipkumar/.m2/repository/org/objenesis/objenesis/3.3/objenesis-3.3.jar:/Users/sandipkumar/.m2/repository/org/mockito/mockito-junit-jupiter/5.3.1/mockito-junit-jupiter-5.3.1.jar:/Users/sandipkumar/.m2/repository/org/skyscreamer/jsonassert/1.5.1/jsonassert-1.5.1.jar:/Users/sandipkumar/.m2/repository/com/vaadin/external/google/android-json/0.0.20131108.vaadin1/android-json-0.0.20131108.vaadin1.jar:/Users/sandipkumar/.m2/repository/org/springframework/spring-core/6.0.12/spring-core-6.0.12.jar:/Users/sandipkumar/.m2/repository/org/springframework/spring-jcl/6.0.12/spring-jcl-6.0.12.jar:/Users/sandipkumar/.m2/repository/org/springframework/spring-test/6.0.12/spring-test-6.0.12.jar:/Users/sandipkumar/.m2/repository/org/xmlunit/xmlunit-core/2.9.1/xmlunit-core-2.9.1.jar:/Users/sandipkumar/.m2/repository/org/testcontainers/mongodb/1.19.0/mongodb-1.19.0.jar:/Users/sandipkumar/.m2/repository/org/testcontainers/testcontainers/1.19.0/testcontainers-1.19.0.jar:/Users/sandipkumar/.m2/repository/junit/junit/4.13.2/junit-4.13.2.jar:/Users/sandipkumar/.m2/repository/org/hamcrest/hamcrest-core/2.2/hamcrest-core-2.2.jar:/Users/sandipkumar/.m2/repository/org/apache/commons/commons-compress/1.23.0/commons-compress-1.23.0.jar:/Users/sandipkumar/.m2/repository/org/rnorth/duct-tape/duct-tape/1.0.8/duct-tape-1.0.8.jar:/Users/sandipkumar/.m2/repository/org/jetbrains/annotations/17.0.0/annotations-17.0.0.jar:/Users/sandipkumar/.m2/repository/com/github/docker-java/docker-java-api/3.3.3/docker-java-api-3.3.3.jar:/Users/sandipkumar/.m2/repository/com/github/docker-java/docker-java-transport-zerodep/3.3.3/docker-java-transport-zerodep-3.3.3.jar:/Users/sandipkumar/.m2/repository/com/github/docker-java/docker-java-transport/3.3.3/docker-java-transport-3.3.3.jar:/Users/sandipkumar/.m2/repository/net/java/dev/jna/jna/5.12.1/jna-5.12.1.jar:/Users/sandipkumar/.m2/repository/org/testcontainers/junit-jupiter/1.19.0/junit-jupiter-1.19.0.jar:"/>
    <property name="java.vm.vendor" value="Oracle Corporation"/>
    <property name="sun.arch.data.model" value="64"/>
    <property name="java.vendor.url" value="https://java.oracle.com/"/>
    <property name="user.timezone" value="Asia/Kolkata"/>
    <property name="os.name" value="Mac OS X"/>
    <property name="java.vm.specification.version" value="20"/>
    <property name="sun.java.launcher" value="SUN_STANDARD"/>
    <property name="user.country" value="GB"/>
    <property name="sun.boot.library.path" value="/Users/sandipkumar/Library/Java/JavaVirtualMachines/openjdk-20.0.2/Contents/Home/lib"/>
    <property name="sun.java.command" value="/Users/sandipkumar/Downloads/parent-microservices/shop-service/target/surefire/surefirebooter-20231002004459263_3.jar /Users/sandipkumar/Downloads/parent-microservices/shop-service/target/surefire 2023-10-02T00-44-59_226-jvmRun1 surefire-20231002004459263_1tmp surefire_0-20231002004459263_2tmp"/>
    <property name="http.nonProxyHosts" value="local|*.local|169.254/16|*.169.254/16"/>
    <property name="jdk.debug" value="release"/>
    <property name="surefire.test.class.path" value="/Users/sandipkumar/Downloads/parent-microservices/shop-service/target/test-classes:/Users/sandipkumar/Downloads/parent-microservices/shop-service/target/classes:/Users/sandipkumar/.m2/repository/org/springframework/boot/spring-boot-starter-data-mongodb/3.1.4/spring-boot-starter-data-mongodb-3.1.4.jar:/Users/sandipkumar/.m2/repository/org/springframework/boot/spring-boot-starter/3.1.4/spring-boot-starter-3.1.4.jar:/Users/sandipkumar/.m2/repository/org/springframework/boot/spring-boot/3.1.4/spring-boot-3.1.4.jar:/Users/sandipkumar/.m2/repository/org/springframework/boot/spring-boot-autoconfigure/3.1.4/spring-boot-autoconfigure-3.1.4.jar:/Users/sandipkumar/.m2/repository/org/springframework/boot/spring-boot-starter-logging/3.1.4/spring-boot-starter-logging-3.1.4.jar:/Users/sandipkumar/.m2/repository/ch/qos/logback/logback-classic/1.4.11/logback-classic-1.4.11.jar:/Users/sandipkumar/.m2/repository/ch/qos/logback/logback-core/1.4.11/logback-core-1.4.11.jar:/Users/sandipkumar/.m2/repository/org/apache/logging/log4j/log4j-to-slf4j/2.20.0/log4j-to-slf4j-2.20.0.jar:/Users/sandipkumar/.m2/repository/org/apache/logging/log4j/log4j-api/2.20.0/log4j-api-2.20.0.jar:/Users/sandipkumar/.m2/repository/org/slf4j/jul-to-slf4j/2.0.9/jul-to-slf4j-2.0.9.jar:/Users/sandipkumar/.m2/repository/jakarta/annotation/jakarta.annotation-api/2.1.1/jakarta.annotation-api-2.1.1.jar:/Users/sandipkumar/.m2/repository/org/yaml/snakeyaml/1.33/snakeyaml-1.33.jar:/Users/sandipkumar/.m2/repository/org/mongodb/mongodb-driver-sync/4.9.1/mongodb-driver-sync-4.9.1.jar:/Users/sandipkumar/.m2/repository/org/mongodb/bson/4.9.1/bson-4.9.1.jar:/Users/sandipkumar/.m2/repository/org/mongodb/mongodb-driver-core/4.9.1/mongodb-driver-core-4.9.1.jar:/Users/sandipkumar/.m2/repository/org/mongodb/bson-record-codec/4.9.1/bson-record-codec-4.9.1.jar:/Users/sandipkumar/.m2/repository/org/springframework/data/spring-data-mongodb/4.1.4/spring-data-mongodb-4.1.4.jar:/Users/sandipkumar/.m2/repository/org/springframework/spring-tx/6.0.12/spring-tx-6.0.12.jar:/Users/sandipkumar/.m2/repository/org/springframework/spring-context/6.0.12/spring-context-6.0.12.jar:/Users/sandipkumar/.m2/repository/org/springframework/spring-beans/6.0.12/spring-beans-6.0.12.jar:/Users/sandipkumar/.m2/repository/org/springframework/spring-expression/6.0.12/spring-expression-6.0.12.jar:/Users/sandipkumar/.m2/repository/org/springframework/data/spring-data-commons/3.1.4/spring-data-commons-3.1.4.jar:/Users/sandipkumar/.m2/repository/org/slf4j/slf4j-api/2.0.9/slf4j-api-2.0.9.jar:/Users/sandipkumar/.m2/repository/org/springframework/boot/spring-boot-starter-web/3.1.4/spring-boot-starter-web-3.1.4.jar:/Users/sandipkumar/.m2/repository/org/springframework/boot/spring-boot-starter-json/3.1.4/spring-boot-starter-json-3.1.4.jar:/Users/sandipkumar/.m2/repository/com/fasterxml/jackson/core/jackson-databind/2.15.2/jackson-databind-2.15.2.jar:/Users/sandipkumar/.m2/repository/com/fasterxml/jackson/core/jackson-annotations/2.15.2/jackson-annotations-2.15.2.jar:/Users/sandipkumar/.m2/repository/com/fasterxml/jackson/core/jackson-core/2.15.2/jackson-core-2.15.2.jar:/Users/sandipkumar/.m2/repository/com/fasterxml/jackson/datatype/jackson-datatype-jdk8/2.15.2/jackson-datatype-jdk8-2.15.2.jar:/Users/sandipkumar/.m2/repository/com/fasterxml/jackson/datatype/jackson-datatype-jsr310/2.15.2/jackson-datatype-jsr310-2.15.2.jar:/Users/sandipkumar/.m2/repository/com/fasterxml/jackson/module/jackson-module-parameter-names/2.15.2/jackson-module-parameter-names-2.15.2.jar:/Users/sandipkumar/.m2/repository/org/springframework/boot/spring-boot-starter-tomcat/3.1.4/spring-boot-starter-tomcat-3.1.4.jar:/Users/sandipkumar/.m2/repository/org/apache/tomcat/embed/tomcat-embed-core/10.1.13/tomcat-embed-core-10.1.13.jar:/Users/sandipkumar/.m2/repository/org/apache/tomcat/embed/tomcat-embed-el/10.1.13/tomcat-embed-el-10.1.13.jar:/Users/sandipkumar/.m2/repository/org/apache/tomcat/embed/tomcat-embed-websocket/10.1.13/tomcat-embed-websocket-10.1.13.jar:/Users/sandipkumar/.m2/repository/org/springframework/spring-web/6.0.12/spring-web-6.0.12.jar:/Users/sandipkumar/.m2/repository/io/micrometer/micrometer-observation/1.11.4/micrometer-observation-1.11.4.jar:/Users/sandipkumar/.m2/repository/io/micrometer/micrometer-commons/1.11.4/micrometer-commons-1.11.4.jar:/Users/sandipkumar/.m2/repository/org/springframework/spring-webmvc/6.0.12/spring-webmvc-6.0.12.jar:/Users/sandipkumar/.m2/repository/org/springframework/spring-aop/6.0.12/spring-aop-6.0.12.jar:/Users/sandipkumar/.m2/repository/org/projectlombok/lombok/1.18.30/lombok-1.18.30.jar:/Users/sandipkumar/.m2/repository/org/springframework/boot/spring-boot-starter-test/3.1.4/spring-boot-starter-test-3.1.4.jar:/Users/sandipkumar/.m2/repository/org/springframework/boot/spring-boot-test/3.1.4/spring-boot-test-3.1.4.jar:/Users/sandipkumar/.m2/repository/org/springframework/boot/spring-boot-test-autoconfigure/3.1.4/spring-boot-test-autoconfigure-3.1.4.jar:/Users/sandipkumar/.m2/repository/com/jayway/jsonpath/json-path/2.8.0/json-path-2.8.0.jar:/Users/sandipkumar/.m2/repository/jakarta/xml/bind/jakarta.xml.bind-api/4.0.1/jakarta.xml.bind-api-4.0.1.jar:/Users/sandipkumar/.m2/repository/jakarta/activation/jakarta.activation-api/2.1.2/jakarta.activation-api-2.1.2.jar:/Users/sandipkumar/.m2/repository/net/minidev/json-smart/2.4.11/json-smart-2.4.11.jar:/Users/sandipkumar/.m2/repository/net/minidev/accessors-smart/2.4.11/accessors-smart-2.4.11.jar:/Users/sandipkumar/.m2/repository/org/ow2/asm/asm/9.3/asm-9.3.jar:/Users/sandipkumar/.m2/repository/org/assertj/assertj-core/3.24.2/assertj-core-3.24.2.jar:/Users/sandipkumar/.m2/repository/net/bytebuddy/byte-buddy/1.14.8/byte-buddy-1.14.8.jar:/Users/sandipkumar/.m2/repository/org/hamcrest/hamcrest/2.2/hamcrest-2.2.jar:/Users/sandipkumar/.m2/repository/org/junit/jupiter/junit-jupiter/5.9.3/junit-jupiter-5.9.3.jar:/Users/sandipkumar/.m2/repository/org/junit/jupiter/junit-jupiter-api/5.9.3/junit-jupiter-api-5.9.3.jar:/Users/sandipkumar/.m2/repository/org/opentest4j/opentest4j/1.2.0/opentest4j-1.2.0.jar:/Users/sandipkumar/.m2/repository/org/junit/platform/junit-platform-commons/1.9.3/junit-platform-commons-1.9.3.jar:/Users/sandipkumar/.m2/repository/org/apiguardian/apiguardian-api/1.1.2/apiguardian-api-1.1.2.jar:/Users/sandipkumar/.m2/repository/org/junit/jupiter/junit-jupiter-params/5.9.3/junit-jupiter-params-5.9.3.jar:/Users/sandipkumar/.m2/repository/org/junit/jupiter/junit-jupiter-engine/5.9.3/junit-jupiter-engine-5.9.3.jar:/Users/sandipkumar/.m2/repository/org/junit/platform/junit-platform-engine/1.9.3/junit-platform-engine-1.9.3.jar:/Users/sandipkumar/.m2/repository/org/mockito/mockito-core/5.3.1/mockito-core-5.3.1.jar:/Users/sandipkumar/.m2/repository/net/bytebuddy/byte-buddy-agent/1.14.8/byte-buddy-agent-1.14.8.jar:/Users/sandipkumar/.m2/repository/org/objenesis/objenesis/3.3/objenesis-3.3.jar:/Users/sandipkumar/.m2/repository/org/mockito/mockito-junit-jupiter/5.3.1/mockito-junit-jupiter-5.3.1.jar:/Users/sandipkumar/.m2/repository/org/skyscreamer/jsonassert/1.5.1/jsonassert-1.5.1.jar:/Users/sandipkumar/.m2/repository/com/vaadin/external/google/android-json/0.0.20131108.vaadin1/android-json-0.0.20131108.vaadin1.jar:/Users/sandipkumar/.m2/repository/org/springframework/spring-core/6.0.12/spring-core-6.0.12.jar:/Users/sandipkumar/.m2/repository/org/springframework/spring-jcl/6.0.12/spring-jcl-6.0.12.jar:/Users/sandipkumar/.m2/repository/org/springframework/spring-test/6.0.12/spring-test-6.0.12.jar:/Users/sandipkumar/.m2/repository/org/xmlunit/xmlunit-core/2.9.1/xmlunit-core-2.9.1.jar:/Users/sandipkumar/.m2/repository/org/testcontainers/mongodb/1.19.0/mongodb-1.19.0.jar:/Users/sandipkumar/.m2/repository/org/testcontainers/testcontainers/1.19.0/testcontainers-1.19.0.jar:/Users/sandipkumar/.m2/repository/junit/junit/4.13.2/junit-4.13.2.jar:/Users/sandipkumar/.m2/repository/org/hamcrest/hamcrest-core/2.2/hamcrest-core-2.2.jar:/Users/sandipkumar/.m2/repository/org/apache/commons/commons-compress/1.23.0/commons-compress-1.23.0.jar:/Users/sandipkumar/.m2/repository/org/rnorth/duct-tape/duct-tape/1.0.8/duct-tape-1.0.8.jar:/Users/sandipkumar/.m2/repository/org/jetbrains/annotations/17.0.0/annotations-17.0.0.jar:/Users/sandipkumar/.m2/repository/com/github/docker-java/docker-java-api/3.3.3/docker-java-api-3.3.3.jar:/Users/sandipkumar/.m2/repository/com/github/docker-java/docker-java-transport-zerodep/3.3.3/docker-java-transport-zerodep-3.3.3.jar:/Users/sandipkumar/.m2/repository/com/github/docker-java/docker-java-transport/3.3.3/docker-java-transport-3.3.3.jar:/Users/sandipkumar/.m2/repository/net/java/dev/jna/jna/5.12.1/jna-5.12.1.jar:/Users/sandipkumar/.m2/repository/org/testcontainers/junit-jupiter/1.19.0/junit-jupiter-1.19.0.jar:"/>
    <property name="sun.cpu.endian" value="little"/>
    <property name="user.home" value="/Users/sandipkumar"/>
    <property name="user.language" value="en"/>
    <property name="java.specification.vendor" value="Oracle Corporation"/>
    <property name="java.version.date" value="2023-07-18"/>
    <property name="java.home" value="/Users/sandipkumar/Library/Java/JavaVirtualMachines/openjdk-20.0.2/Contents/Home"/>
    <property name="file.separator" value="/"/>
    <property name="basedir" value="/Users/sandipkumar/Downloads/parent-microservices/shop-service"/>
    <property name="java.vm.compressedOopsMode" value="Zero based"/>
    <property name="line.separator" value="&#10;"/>
    <property name="java.vm.specification.vendor" value="Oracle Corporation"/>
    <property name="java.specification.name" value="Java Platform API Specification"/>
    <property name="apple.awt.application.name" value="ForkedBooter"/>
    <property name="surefire.real.class.path" value="/Users/sandipkumar/Downloads/parent-microservices/shop-service/target/surefire/surefirebooter-20231002004459263_3.jar"/>
    <property name="sun.management.compiler" value="HotSpot 64-Bit Tiered Compilers"/>
    <property name="ftp.nonProxyHosts" value="local|*.local|169.254/16|*.169.254/16"/>
    <property name="java.runtime.version" value="20.0.2+9-78"/>
    <property name="user.name" value="sandipkumar"/>
    <property name="stdout.encoding" value="UTF-8"/>
    <property name="path.separator" value=":"/>
    <property name="os.version" value="14.0"/>
    <property name="java.runtime.name" value="OpenJDK Runtime Environment"/>
    <property name="file.encoding" value="UTF-8"/>
    <property name="java.vm.name" value="OpenJDK 64-Bit Server VM"/>
    <property name="localRepository" value="/Users/sandipkumar/.m2/repository"/>
    <property name="java.vendor.url.bug" value="https://bugreport.java.com/bugreport/"/>
    <property name="java.io.tmpdir" value="/var/folders/vg/wcxnk6mn1vx2tmbjdljgd8q40000gn/T/"/>
    <property name="idea.version" value="2023.1.2"/>
    <property name="java.version" value="20.0.2"/>
    <property name="user.dir" value="/Users/sandipkumar/Downloads/parent-microservices/shop-service"/>
    <property name="os.arch" value="aarch64"/>
    <property name="java.vm.specification.name" value="Java Virtual Machine Specification"/>
    <property name="native.encoding" value="UTF-8"/>
    <property name="java.library.path" value="/Users/sandipkumar/Library/Java/Extensions:/Library/Java/Extensions:/Network/Library/Java/Extensions:/System/Library/Java/Extensions:/usr/lib/java:."/>
    <property name="java.vm.info" value="mixed mode, sharing"/>
    <property name="stderr.encoding" value="UTF-8"/>
    <property name="java.vendor" value="Oracle Corporation"/>
    <property name="java.vm.version" value="20.0.2+9-78"/>
    <property name="sun.io.unicode.encoding" value="UnicodeBig"/>
    <property name="socksNonProxyHosts" value="local|*.local|169.254/16|*.169.254/16"/>
    <property name="java.class.version" value="64.0"/>
  </properties>
  <testcase name="" classname="com.shopping.shopservice.ShopServiceApplicationTests" time="0.129">
    <error message="Unable to find a @SpringBootConfiguration, you need to use @ContextConfiguration or @SpringBootTest(classes=...) with your test" type="java.lang.IllegalStateException"><![CDATA[java.lang.IllegalStateException: Unable to find a @SpringBootConfiguration, you need to use @ContextConfiguration or @SpringBootTest(classes=...) with your test
	at org.springframework.util.Assert.state(Assert.java:76)
	at org.springframework.boot.test.context.SpringBootTestContextBootstrapper.findConfigurationClass(SpringBootTestContextBootstrapper.java:260)
	at org.springframework.boot.test.context.SpringBootTestContextBootstrapper.getOrFindConfigurationClasses(SpringBootTestContextBootstrapper.java:247)
	at org.springframework.boot.test.context.SpringBootTestContextBootstrapper.processMergedContextConfiguration(SpringBootTestContextBootstrapper.java:164)
	at org.springframework.test.context.support.AbstractTestContextBootstrapper.buildMergedContextConfiguration(AbstractTestContextBootstrapper.java:375)
	at org.springframework.test.context.support.AbstractTestContextBootstrapper.buildDefaultMergedContextConfiguration(AbstractTestContextBootstrapper.java:291)
	at org.springframework.test.context.support.AbstractTestContextBootstrapper.buildMergedContextConfiguration(AbstractTestContextBootstrapper.java:239)
	at org.springframework.test.context.support.AbstractTestContextBootstrapper.buildTestContext(AbstractTestContextBootstrapper.java:107)
	at org.springframework.boot.test.context.SpringBootTestContextBootstrapper.buildTestContext(SpringBootTestContextBootstrapper.java:113)
	at org.springframework.test.context.TestContextManager.<init>(TestContextManager.java:129)
	at org.springframework.test.context.TestContextManager.<init>(TestContextManager.java:113)
	at org.junit.jupiter.engine.execution.ExtensionValuesStore.lambda$getOrComputeIfAbsent$4(ExtensionValuesStore.java:86)
	at org.junit.jupiter.engine.execution.ExtensionValuesStore$MemoizingSupplier.computeValue(ExtensionValuesStore.java:223)
	at org.junit.jupiter.engine.execution.ExtensionValuesStore$MemoizingSupplier.get(ExtensionValuesStore.java:211)
	at org.junit.jupiter.engine.execution.ExtensionValuesStore$StoredValue.evaluate(ExtensionValuesStore.java:191)
	at org.junit.jupiter.engine.execution.ExtensionValuesStore$StoredValue.access$100(ExtensionValuesStore.java:171)
	at org.junit.jupiter.engine.execution.ExtensionValuesStore.getOrComputeIfAbsent(ExtensionValuesStore.java:89)
	at org.junit.jupiter.engine.execution.ExtensionValuesStore.getOrComputeIfAbsent(ExtensionValuesStore.java:93)
	at org.junit.jupiter.engine.execution.NamespaceAwareStore.getOrComputeIfAbsent(NamespaceAwareStore.java:61)
	at org.springframework.test.context.junit.jupiter.SpringExtension.getTestContextManager(SpringExtension.java:294)
	at org.springframework.test.context.junit.jupiter.SpringExtension.beforeAll(SpringExtension.java:113)
	at org.junit.jupiter.engine.descriptor.ClassBasedTestDescriptor.lambda$invokeBeforeAllCallbacks$12(ClassBasedTestDescriptor.java:395)
	at org.junit.platform.engine.support.hierarchical.ThrowableCollector.execute(ThrowableCollector.java:73)
	at org.junit.jupiter.engine.descriptor.ClassBasedTestDescriptor.invokeBeforeAllCallbacks(ClassBasedTestDescriptor.java:395)
	at org.junit.jupiter.engine.descriptor.ClassBasedTestDescriptor.before(ClassBasedTestDescriptor.java:211)
	at org.junit.jupiter.engine.descriptor.ClassBasedTestDescriptor.before(ClassBasedTestDescriptor.java:84)
	at org.junit.platform.engine.support.hierarchical.NodeTestTask.lambda$executeRecursively$6(NodeTestTask.java:148)
	at org.junit.platform.engine.support.hierarchical.ThrowableCollector.execute(ThrowableCollector.java:73)
	at org.junit.platform.engine.support.hierarchical.NodeTestTask.lambda$executeRecursively$8(NodeTestTask.java:141)
	at org.junit.platform.engine.support.hierarchical.Node.around(Node.java:137)
	at org.junit.platform.engine.support.hierarchical.NodeTestTask.lambda$executeRecursively$9(NodeTestTask.java:139)
	at org.junit.platform.engine.support.hierarchical.ThrowableCollector.execute(ThrowableCollector.java:73)
	at org.junit.platform.engine.support.hierarchical.NodeTestTask.executeRecursively(NodeTestTask.java:138)
	at org.junit.platform.engine.support.hierarchical.NodeTestTask.execute(NodeTestTask.java:95)
	at java.base/java.util.ArrayList.forEach(ArrayList.java:1511)
	at org.junit.platform.engine.support.hierarchical.SameThreadHierarchicalTestExecutorService.invokeAll(SameThreadHierarchicalTestExecutorService.java:41)
	at org.junit.platform.engine.support.hierarchical.NodeTestTask.lambda$executeRecursively$6(NodeTestTask.java:155)
	at org.junit.platform.engine.support.hierarchical.ThrowableCollector.execute(ThrowableCollector.java:73)
	at org.junit.platform.engine.support.hierarchical.NodeTestTask.lambda$executeRecursively$8(NodeTestTask.java:141)
	at org.junit.platform.engine.support.hierarchical.Node.around(Node.java:137)
	at org.junit.platform.engine.support.hierarchical.NodeTestTask.lambda$executeRecursively$9(NodeTestTask.java:139)
	at org.junit.platform.engine.support.hierarchical.ThrowableCollector.execute(ThrowableCollector.java:73)
	at org.junit.platform.engine.support.hierarchical.NodeTestTask.executeRecursively(NodeTestTask.java:138)
	at org.junit.platform.engine.support.hierarchical.NodeTestTask.execute(NodeTestTask.java:95)
	at org.junit.platform.engine.support.hierarchical.SameThreadHierarchicalTestExecutorService.submit(SameThreadHierarchicalTestExecutorService.java:35)
	at org.junit.platform.engine.support.hierarchical.HierarchicalTestExecutor.execute(HierarchicalTestExecutor.java:57)
	at org.junit.platform.engine.support.hierarchical.HierarchicalTestEngine.execute(HierarchicalTestEngine.java:54)
	at org.junit.platform.launcher.core.EngineExecutionOrchestrator.execute(EngineExecutionOrchestrator.java:147)
	at org.junit.platform.launcher.core.EngineExecutionOrchestrator.execute(EngineExecutionOrchestrator.java:127)
	at org.junit.platform.launcher.core.EngineExecutionOrchestrator.execute(EngineExecutionOrchestrator.java:90)
	at org.junit.platform.launcher.core.EngineExecutionOrchestrator.lambda$execute$0(EngineExecutionOrchestrator.java:55)
	at org.junit.platform.launcher.core.EngineExecutionOrchestrator.withInterceptedStreams(EngineExecutionOrchestrator.java:102)
	at org.junit.platform.launcher.core.EngineExecutionOrchestrator.execute(EngineExecutionOrchestrator.java:54)
	at org.junit.platform.launcher.core.DefaultLauncher.execute(DefaultLauncher.java:114)
	at org.junit.platform.launcher.core.DefaultLauncher.execute(DefaultLauncher.java:86)
	at org.junit.platform.launcher.core.DefaultLauncherSession$DelegatingLauncher.execute(DefaultLauncherSession.java:86)
	at org.apache.maven.surefire.junitplatform.LazyLauncher.execute(LazyLauncher.java:50)
	at org.apache.maven.surefire.junitplatform.JUnitPlatformProvider.execute(JUnitPlatformProvider.java:184)
	at org.apache.maven.surefire.junitplatform.JUnitPlatformProvider.invokeAllTests(JUnitPlatformProvider.java:148)
	at org.apache.maven.surefire.junitplatform.JUnitPlatformProvider.invoke(JUnitPlatformProvider.java:122)
	at org.apache.maven.surefire.booter.ForkedBooter.runSuitesInProcess(ForkedBooter.java:385)
	at org.apache.maven.surefire.booter.ForkedBooter.execute(ForkedBooter.java:162)
	at org.apache.maven.surefire.booter.ForkedBooter.run(ForkedBooter.java:507)
	at org.apache.maven.surefire.booter.ForkedBooter.main(ForkedBooter.java:495)
]]></error>
    <system-out><![CDATA[00:44:59.686 [main] INFO org.springframework.test.context.support.AnnotationConfigContextLoaderUtils -- Could not detect default configuration classes for test class [com.shopping.shopservice.ShopServiceApplicationTests]: ShopServiceApplicationTests does not declare any static, non-private, non-final, nested classes annotated with @Configuration.
]]></system-out>
  </testcase>
</testsuite>